<?xml version="1.0" encoding="UTF-8"?>
<!-- Generated by org.testng.reporters.JUnitReportReporter -->
<testsuite hostname="QA-1889" failures="0" tests="1" name="com.testautomation.tests.GoogleSearchTest" time="4.553" errors="0" timestamp="2025-08-06T19:06:31 IST" skipped="0">
  <testcase classname="com.testautomation.tests.GoogleSearchTest" name="googleSearchTest" time="4.553"/>
</testsuite> <!-- com.testautomation.tests.GoogleSearchTest -->
