<?xml version="1.0" encoding="UTF-8"?>
<!-- Generated by org.testng.reporters.JUnitReportReporter -->
<testsuite hostname="QA-1889" failures="0" tests="1" name="com.testautomation.tests.GoogleSearchTest" time="3.248" errors="0" timestamp="2025-08-08T15:32:41 IST" skipped="0">
  <testcase classname="com.testautomation.tests.GoogleSearchTest" name="searchGoogle" time="3.248"/>
</testsuite> <!-- com.testautomation.tests.GoogleSearchTest -->
